{"/Users/saumitra/fobu/src/components/TextField/TextField.js": {"path":"/Users/saumitra/fobu/src/components/TextField/TextField.js","statementMap":{"0":{"start":{"line":4,"column":46},"end":{"line":4,"column":51}},"1":{"start":{"line":5,"column":2},"end":{"line":18,"column":4}},"2":{"start":{"line":13,"column":12},"end":{"line":13,"column":42}}},"fnMap":{"0":{"name":"TextField","decl":{"start":{"line":3,"column":9},"end":{"line":3,"column":18}},"loc":{"start":{"line":3,"column":26},"end":{"line":19,"column":1}},"line":3},"1":{"name":"(anonymous_1)","decl":{"start":{"line":12,"column":20},"end":{"line":12,"column":21}},"loc":{"start":{"line":12,"column":25},"end":{"line":14,"column":11}},"line":12}},"branchMap":{},"s":{"0":1,"1":1,"2":0},"f":{"0":1,"1":0},"b":{},"_coverageSchema":"43e27e138ebf9cfc5966b082cf9a028302ed4184","hash":"ddecd92a5fc7bab765ebea2286bd3ffc6e597c4c"}
}
